<?xml version="1.0" encoding="UTF-8"?>
<!-- Generated by org.testng.reporters.JUnitReportReporter -->
<testsuite hostname="FH400" failures="0" tests="1" name="com.bridgelabz.Demo6_GET_ExtractValueFromEachNodeFromJson" time="2.448" errors="0" timestamp="25 Jul 2019 13:47:21 GMT" skipped="0">
  <testcase classname="com.bridgelabz.Demo6_GET_ExtractValueFromEachNodeFromJson" name="GetExtractNodeFromJsonResponse" time="2.448"/>
</testsuite> <!-- com.bridgelabz.Demo6_GET_ExtractValueFromEachNodeFromJson -->
