<?xml version="1.0" encoding="UTF-8"?>
<!-- Generated by org.testng.reporters.JUnitReportReporter -->
<testsuite hostname="FH400" failures="0" tests="1" name="com.bridgelabz.Demo6_GET_Authorization" time="3.950" errors="0" timestamp="26 Jul 2019 04:59:54 GMT" skipped="0">
  <testcase classname="com.bridgelabz.Demo6_GET_Authorization" name="AutherizationTest" time="3.950"/>
</testsuite> <!-- com.bridgelabz.Demo6_GET_Authorization -->
