<?xml version="1.0" encoding="UTF-8"?>
<!-- Generated by org.testng.reporters.JUnitReportReporter -->
<testsuite hostname="FH400" failures="0" tests="1" name="Demo1_GET_Request" time="2.817" errors="0" timestamp="25 Jul 2019 10:17:16 GMT" skipped="0">
  <testcase classname="Demo1_GET_Request" name="getUserDeatils" time="2.817"/>
</testsuite> <!-- Demo1_GET_Request -->
