<?xml version="1.0" encoding="UTF-8"?>
<!-- Generated by org.testng.reporters.JUnitReportReporter -->
<testsuite hostname="FH400" failures="0" tests="1" name="com.bridgelabz.Demo2_POST_Request" time="3.428" errors="0" timestamp="25 Jul 2019 11:22:20 GMT" skipped="0">
  <testcase classname="com.bridgelabz.Demo2_POST_Request" name="RegisterUserDeatils" time="3.428"/>
</testsuite> <!-- com.bridgelabz.Demo2_POST_Request -->
