<?xml version="1.0" encoding="UTF-8"?>
<!-- Generated by org.testng.reporters.JUnitReportReporter -->
<testsuite hostname="FH400" failures="0" tests="1" name="com.bridgelabz.Demo1_GET_Request" time="2.763" errors="0" timestamp="25 Jul 2019 10:23:57 GMT" skipped="0">
  <testcase classname="com.bridgelabz.Demo1_GET_Request" name="getUserDeatils" time="2.763"/>
</testsuite> <!-- com.bridgelabz.Demo1_GET_Request -->
