<?xml version="1.0" encoding="UTF-8"?>
<!-- Generated by org.testng.reporters.JUnitReportReporter -->
<testsuite hostname="FH400" failures="0" tests="1" name="com.bridgelabz.Demo6_GET_ExtractValue" time="0.033" errors="1" timestamp="26 Jul 2019 03:42:38 GMT" skipped="0">
  <testcase classname="com.bridgelabz.Demo6_GET_ExtractValue" name="GetJsonDetails" time="0.033">
    <error message="Unresolved compilation problems: 
	The method println(boolean) is ambiguous for the type PrintStream
	The method println(boolean) is ambiguous for the type PrintStream
	The method println(boolean) is ambiguous for the type PrintStream
	The method println(boolean) is ambiguous for the type PrintStream
	The method println(boolean) is ambiguous for the type PrintStream
	The method println(boolean) is ambiguous for the type PrintStream
" type="java.lang.Error">
      <![CDATA[java.lang.Error: Unresolved compilation problems: 
The method println(boolean) is ambiguous for the type PrintStream
The method println(boolean) is ambiguous for the type PrintStream
The method println(boolean) is ambiguous for the type PrintStream
The method println(boolean) is ambiguous for the type PrintStream
The method println(boolean) is ambiguous for the type PrintStream
The method println(boolean) is ambiguous for the type PrintStream

at com.bridgelabz.Demo6_GET_ExtractValue.GetJsonDetails(Demo6_GET_ExtractValue.java:28)
at java.base/jdk.internal.reflect.NativeMethodAccessorImpl.invoke0(Native Method)
at java.base/jdk.internal.reflect.NativeMethodAccessorImpl.invoke(NativeMethodAccessorImpl.java:62)
at java.base/jdk.internal.reflect.DelegatingMethodAccessorImpl.invoke(DelegatingMethodAccessorImpl.java:43)
at java.base/java.lang.reflect.Method.invoke(Method.java:567)
at org.testng.internal.MethodInvocationHelper.invokeMethod(MethodInvocationHelper.java:124)
at org.testng.internal.Invoker.invokeMethod(Invoker.java:583)
at org.testng.internal.Invoker.invokeTestMethod(Invoker.java:719)
at org.testng.internal.Invoker.invokeTestMethods(Invoker.java:989)
at org.testng.internal.TestMethodWorker.invokeTestMethods(TestMethodWorker.java:125)
at org.testng.internal.TestMethodWorker.run(TestMethodWorker.java:109)
at org.testng.TestRunner.privateRun(TestRunner.java:648)
at org.testng.TestRunner.run(TestRunner.java:505)
at org.testng.SuiteRunner.runTest(SuiteRunner.java:455)
at org.testng.SuiteRunner.runSequentially(SuiteRunner.java:450)
at org.testng.SuiteRunner.privateRun(SuiteRunner.java:415)
at org.testng.SuiteRunner.run(SuiteRunner.java:364)
at org.testng.SuiteRunnerWorker.runSuite(SuiteRunnerWorker.java:52)
at org.testng.SuiteRunnerWorker.run(SuiteRunnerWorker.java:84)
at org.testng.TestNG.runSuitesSequentially(TestNG.java:1208)
at org.testng.TestNG.runSuitesLocally(TestNG.java:1137)
at org.testng.TestNG.runSuites(TestNG.java:1049)
at org.testng.TestNG.run(TestNG.java:1017)
at org.testng.remote.AbstractRemoteTestNG.run(AbstractRemoteTestNG.java:115)
at org.testng.remote.RemoteTestNG.initAndRun(RemoteTestNG.java:251)
at org.testng.remote.RemoteTestNG.main(RemoteTestNG.java:77)
]]>
    </error>
  </testcase> <!-- GetJsonDetails -->
</testsuite> <!-- com.bridgelabz.Demo6_GET_ExtractValue -->
