<?xml version="1.0" encoding="UTF-8"?>
<!-- Generated by org.testng.reporters.JUnitReportReporter -->
<testsuite hostname="FH400" failures="0" tests="1" name="com.bridgelabz.DataDrivenTest.DataDrivenTest_AddNewUsers" time="0.000" errors="0" timestamp="26 Jul 2019 10:10:03 GMT" skipped="1">
  <testcase classname="com.bridgelabz.DataDrivenTest.DataDrivenTest_AddNewUsers" name="PostNewUsers" time="0.000">
    <skipped/>
  </testcase> <!-- PostNewUsers -->
</testsuite> <!-- com.bridgelabz.DataDrivenTest.DataDrivenTest_AddNewUsers -->
