<?xml version="1.0" encoding="UTF-8"?>
<!-- Generated by org.testng.reporters.JUnitReportReporter -->
<testsuite hostname="FH400" failures="0" tests="1" name="com.bridgelabz.Demo3_GET_Request" time="2.884" errors="0" timestamp="25 Jul 2019 12:39:40 GMT" skipped="0">
  <testcase classname="com.bridgelabz.Demo3_GET_Request" name="getHedersDeatils" time="2.884"/>
</testsuite> <!-- com.bridgelabz.Demo3_GET_Request -->
