<?xml version="1.0" encoding="UTF-8"?>
<!-- Generated by org.testng.reporters.JUnitReportReporter -->
<testsuite hostname="FH400" failures="0" tests="1" name="com.bridgelabz.Demo4_GET_RequestAlltheHeaders" time="2.994" errors="0" timestamp="25 Jul 2019 12:40:09 GMT" skipped="0">
  <testcase classname="com.bridgelabz.Demo4_GET_RequestAlltheHeaders" name="GetAllHeaders" time="2.994"/>
</testsuite> <!-- com.bridgelabz.Demo4_GET_RequestAlltheHeaders -->
