<?xml version="1.0" encoding="UTF-8"?>
<!-- Generated by org.testng.reporters.JUnitReportReporter -->
<testsuite hostname="FH400" failures="0" tests="1" name="com.bridgelabz.Demo5_GET_ValidationJsonResponse" time="5.251" errors="0" timestamp="26 Jul 2019 04:53:44 GMT" skipped="0">
  <testcase classname="com.bridgelabz.Demo5_GET_ValidationJsonResponse" name="GetValidateJsonResponse" time="5.251"/>
</testsuite> <!-- com.bridgelabz.Demo5_GET_ValidationJsonResponse -->
